calculator-v4/app/build/intermediates/manifest_merge_blame_file/debug/processDebugMainManifest/manifest-merger-blame-debug-report.txt
1<?xml version="1.0" encoding="utf-8"?>
2<manifest xmlns:android="http://schemas.android.com/apk/res/android"
3    package="com.veltrix.calculator"
4    android:versionCode="2"
5    android:versionName="2.1.0-backend-iteration-1.1" >
6
7    <uses-sdk
8        android:minSdkVersion="26"
9        android:targetSdkVersion="36" />
10
11    <uses-permission android:name="android.permission.INTERNET" />
11-->src/main/AndroidManifest.xml:2:5-67
11-->src/main/AndroidManifest.xml:2:22-64
12    <uses-permission android:name="android.permission.CAMERA" />
12-->src/main/AndroidManifest.xml:3:5-65
12-->src/main/AndroidManifest.xml:3:22-62
13
14    <uses-feature
14-->src/main/AndroidManifest.xml:4:5-89
15        android:name="android.hardware.camera.any"
15-->src/main/AndroidManifest.xml:4:19-61
16        android:required="false" />
16-->src/main/AndroidManifest.xml:4:62-86
17
18    <uses-permission android:name="android.permission.WAKE_LOCK" />
18-->[androidx.work:work-runtime:2.11.2] AndroidManifest.xml:23:5-68
18-->[androidx.work:work-runtime:2.11.2] AndroidManifest.xml:23:22-65
19    <uses-permission android:name="android.permission.ACCESS_NETWORK_STATE" />
19-->[androidx.work:work-runtime:2.11.2] AndroidManifest.xml:24:5-79
19-->[androidx.work:work-runtime:2.11.2] AndroidManifest.xml:24:22-76
20    <uses-permission android:name="android.permission.RECEIVE_BOOT_COMPLETED" />
20-->[androidx.work:work-runtime:2.11.2] AndroidManifest.xml:25:5-81
20-->[androidx.work:work-runtime:2.11.2] AndroidManifest.xml:25:22-78
21    <uses-permission android:name="android.permission.FOREGROUND_SERVICE" />
21-->[androidx.work:work-runtime:2.11.2] AndroidManifest.xml:26:5-77
21-->[androidx.work:work-runtime:2.11.2] AndroidManifest.xml:26:22-74
22
23    <permission
23-->[androidx.core:core:1.12.0] AndroidManifest.xml:22:5-24:47
24        android:name="com.veltrix.calculator.DYNAMIC_RECEIVER_NOT_EXPORTED_PERMISSION"
24-->[androidx.core:core:1.12.0] AndroidManifest.xml:23:9-81
25        android:protectionLevel="signature" />
25-->[androidx.core:core:1.12.0] AndroidManifest.xml:24:9-44
26
27    <uses-permission android:name="com.veltrix.calculator.DYNAMIC_RECEIVER_NOT_EXPORTED_PERMISSION" />
27-->[androidx.core:core:1.12.0] AndroidManifest.xml:26:5-97
27-->[androidx.core:core:1.12.0] AndroidManifest.xml:26:22-94
28
29    <application
29-->src/main/AndroidManifest.xml:5:5-18:19
30        android:allowBackup="true"
30-->src/main/AndroidManifest.xml:5:90-116
31        android:appComponentFactory="androidx.core.app.CoreComponentFactory"
31-->[androidx.core:core:1.12.0] AndroidManifest.xml:28:18-86
32        android:debuggable="true"
33        android:extractNativeLibs="false"
34        android:label="Veltrix Calculator"
34-->src/main/AndroidManifest.xml:5:55-89
35        android:supportsRtl="true"
35-->src/main/AndroidManifest.xml:5:117-143
36        android:theme="@style/Theme.Veltrix"
36-->src/main/AndroidManifest.xml:5:18-54
37        android:usesCleartextTraffic="false" >
37-->src/main/AndroidManifest.xml:5:144-180
38        <activity
38-->src/main/AndroidManifest.xml:6:9-11:20
39            android:name="com.veltrix.calculator.app.MainActivity"
39-->src/main/AndroidManifest.xml:6:19-47
40            android:exported="true"
40-->src/main/AndroidManifest.xml:6:122-145
41            android:resizeableActivity="true"
41-->src/main/AndroidManifest.xml:6:48-81
42            android:screenOrientation="unspecified" >
42-->src/main/AndroidManifest.xml:6:82-121
43            <intent-filter>
43-->src/main/AndroidManifest.xml:7:13-10:29
44                <action android:name="android.intent.action.MAIN" />
44-->src/main/AndroidManifest.xml:8:17-69
44-->src/main/AndroidManifest.xml:8:25-66
45
46                <category android:name="android.intent.category.LAUNCHER" />
46-->src/main/AndroidManifest.xml:9:17-77
46-->src/main/AndroidManifest.xml:9:27-74
47            </intent-filter>
48        </activity>
49        <activity
49-->src/main/AndroidManifest.xml:12:9-112
50            android:name="com.veltrix.calculator.app.ScannerActivity"
50-->src/main/AndroidManifest.xml:12:19-50
51            android:exported="false"
51-->src/main/AndroidManifest.xml:12:85-109
52            android:resizeableActivity="true" />
52-->src/main/AndroidManifest.xml:12:51-84
53        <activity
53-->src/main/AndroidManifest.xml:13:9-116
54            android:name="com.veltrix.calculator.app.WidgetConfigActivity"
54-->src/main/AndroidManifest.xml:13:19-55
55            android:exported="true"
55-->src/main/AndroidManifest.xml:13:90-113
56            android:resizeableActivity="true" />
56-->src/main/AndroidManifest.xml:13:56-89
57
58        <receiver
58-->src/main/AndroidManifest.xml:14:9-17:20
59            android:name="com.veltrix.calculator.app.VeltrixToolWidgetProvider"
59-->src/main/AndroidManifest.xml:14:19-60
60            android:exported="false" >
60-->src/main/AndroidManifest.xml:14:61-85
61            <intent-filter>
61-->src/main/AndroidManifest.xml:15:13-111
62                <action android:name="android.appwidget.action.APPWIDGET_UPDATE" />
62-->src/main/AndroidManifest.xml:15:28-95
62-->src/main/AndroidManifest.xml:15:36-92
63            </intent-filter>
64
65            <meta-data
65-->src/main/AndroidManifest.xml:16:13-112
66                android:name="android.appwidget.provider"
66-->src/main/AndroidManifest.xml:16:24-65
67                android:resource="@xml/veltrix_widget_info" />
67-->src/main/AndroidManifest.xml:16:66-109
68        </receiver>
69
70        <provider
70-->[androidx.work:work-runtime:2.11.2] AndroidManifest.xml:29:9-37:20
71            android:name="androidx.startup.InitializationProvider"
71-->[androidx.work:work-runtime:2.11.2] AndroidManifest.xml:30:13-67
72            android:authorities="com.veltrix.calculator.androidx-startup"
72-->[androidx.work:work-runtime:2.11.2] AndroidManifest.xml:31:13-68
73            android:exported="false" >
73-->[androidx.work:work-runtime:2.11.2] AndroidManifest.xml:32:13-37
74            <meta-data
74-->[androidx.work:work-runtime:2.11.2] AndroidManifest.xml:34:13-36:52
75                android:name="androidx.work.WorkManagerInitializer"
75-->[androidx.work:work-runtime:2.11.2] AndroidManifest.xml:35:17-68
76                android:value="androidx.startup" />
76-->[androidx.work:work-runtime:2.11.2] AndroidManifest.xml:36:17-49
77            <meta-data
77-->[androidx.emoji2:emoji2:1.2.0] AndroidManifest.xml:29:13-31:52
78                android:name="androidx.emoji2.text.EmojiCompatInitializer"
78-->[androidx.emoji2:emoji2:1.2.0] AndroidManifest.xml:30:17-75
79                android:value="androidx.startup" />
79-->[androidx.emoji2:emoji2:1.2.0] AndroidManifest.xml:31:17-49
80            <meta-data
80-->[androidx.lifecycle:lifecycle-process:2.6.2] AndroidManifest.xml:29:13-31:52
81                android:name="androidx.lifecycle.ProcessLifecycleInitializer"
81-->[androidx.lifecycle:lifecycle-process:2.6.2] AndroidManifest.xml:30:17-78
82                android:value="androidx.startup" />
82-->[androidx.lifecycle:lifecycle-process:2.6.2] AndroidManifest.xml:31:17-49
83            <meta-data
83-->[androidx.profileinstaller:profileinstaller:1.3.0] AndroidManifest.xml:29:13-31:52
84                android:name="androidx.profileinstaller.ProfileInstallerInitializer"
84-->[androidx.profileinstaller:profileinstaller:1.3.0] AndroidManifest.xml:30:17-85
85                android:value="androidx.startup" />
85-->[androidx.profileinstaller:profileinstaller:1.3.0] AndroidManifest.xml:31:17-49
86        </provider>
87
88        <service
88-->[androidx.work:work-runtime:2.11.2] AndroidManifest.xml:39:9-45:35
89            android:name="androidx.work.impl.background.systemjob.SystemJobService"
89-->[androidx.work:work-runtime:2.11.2] AndroidManifest.xml:40:13-84
90            android:directBootAware="false"
90-->[androidx.work:work-runtime:2.11.2] AndroidManifest.xml:41:13-44
91            android:enabled="@bool/enable_system_job_service_default"
91-->[androidx.work:work-runtime:2.11.2] AndroidManifest.xml:42:13-70
92            android:exported="true"
92-->[androidx.work:work-runtime:2.11.2] AndroidManifest.xml:43:13-36
93            android:permission="android.permission.BIND_JOB_SERVICE" />
93-->[androidx.work:work-runtime:2.11.2] AndroidManifest.xml:44:13-69
94        <service
94-->[androidx.work:work-runtime:2.11.2] AndroidManifest.xml:46:9-52:35
95            android:name="androidx.work.impl.foreground.SystemForegroundService"
95-->[androidx.work:work-runtime:2.11.2] AndroidManifest.xml:47:13-81
96            android:directBootAware="false"
96-->[androidx.work:work-runtime:2.11.2] AndroidManifest.xml:48:13-44
97            android:enabled="@bool/enable_system_foreground_service_default"
97-->[androidx.work:work-runtime:2.11.2] AndroidManifest.xml:49:13-77
98            android:exported="false" />
98-->[androidx.work:work-runtime:2.11.2] AndroidManifest.xml:50:13-37
99
100        <receiver
100-->[androidx.work:work-runtime:2.11.2] AndroidManifest.xml:54:9-59:35
101            android:name="androidx.work.impl.utils.ForceStopRunnable$BroadcastReceiver"
101-->[androidx.work:work-runtime:2.11.2] AndroidManifest.xml:55:13-88
102            android:directBootAware="false"
102-->[androidx.work:work-runtime:2.11.2] AndroidManifest.xml:56:13-44
103            android:enabled="true"
103-->[androidx.work:work-runtime:2.11.2] AndroidManifest.xml:57:13-35
104            android:exported="false" />
104-->[androidx.work:work-runtime:2.11.2] AndroidManifest.xml:58:13-37
105        <receiver
105-->[androidx.work:work-runtime:2.11.2] AndroidManifest.xml:60:9-69:20
106            android:name="androidx.work.impl.background.systemalarm.RescheduleReceiver"
106-->[androidx.work:work-runtime:2.11.2] AndroidManifest.xml:61:13-88
107            android:directBootAware="false"
107-->[androidx.work:work-runtime:2.11.2] AndroidManifest.xml:62:13-44
108            android:enabled="false"
108-->[androidx.work:work-runtime:2.11.2] AndroidManifest.xml:63:13-36
109            android:exported="false" >
109-->[androidx.work:work-runtime:2.11.2] AndroidManifest.xml:64:13-37
110            <intent-filter>
110-->[androidx.work:work-runtime:2.11.2] AndroidManifest.xml:66:13-68:29
111                <action android:name="android.intent.action.BOOT_COMPLETED" />
111-->[androidx.work:work-runtime:2.11.2] AndroidManifest.xml:67:17-79
111-->[androidx.work:work-runtime:2.11.2] AndroidManifest.xml:67:25-76
112            </intent-filter>
113        </receiver>
114        <receiver
114-->[androidx.work:work-runtime:2.11.2] AndroidManifest.xml:70:9-80:20
115            android:name="androidx.work.impl.diagnostics.DiagnosticsReceiver"
115-->[androidx.work:work-runtime:2.11.2] AndroidManifest.xml:71:13-78
116            android:directBootAware="false"
116-->[androidx.work:work-runtime:2.11.2] AndroidManifest.xml:72:13-44
117            android:enabled="true"
117-->[androidx.work:work-runtime:2.11.2] AndroidManifest.xml:73:13-35
118            android:exported="true"
118-->[androidx.work:work-runtime:2.11.2] AndroidManifest.xml:74:13-36
119            android:permission="android.permission.DUMP" >
119-->[androidx.work:work-runtime:2.11.2] AndroidManifest.xml:75:13-57
120            <intent-filter>
120-->[androidx.work:work-runtime:2.11.2] AndroidManifest.xml:77:13-79:29
121                <action android:name="androidx.work.diagnostics.REQUEST_DIAGNOSTICS" />
121-->[androidx.work:work-runtime:2.11.2] AndroidManifest.xml:78:17-88
121-->[androidx.work:work-runtime:2.11.2] AndroidManifest.xml:78:25-85
122            </intent-filter>
123        </receiver>
124
125        <service
125-->[com.google.android.gms:play-services-mlkit-text-recognition-common:19.1.0] AndroidManifest.xml:9:9-15:19
126            android:name="com.google.mlkit.common.internal.MlKitComponentDiscoveryService"
126-->[com.google.android.gms:play-services-mlkit-text-recognition-common:19.1.0] AndroidManifest.xml:10:13-91
127            android:directBootAware="true"
127-->[com.google.mlkit:common:18.11.0] AndroidManifest.xml:17:13-43
128            android:exported="false" >
128-->[com.google.android.gms:play-services-mlkit-text-recognition-common:19.1.0] AndroidManifest.xml:11:13-37
129            <meta-data
129-->[com.google.android.gms:play-services-mlkit-text-recognition-common:19.1.0] AndroidManifest.xml:12:13-14:85
130                android:name="com.google.firebase.components:com.google.mlkit.vision.text.internal.TextRegistrar"
130-->[com.google.android.gms:play-services-mlkit-text-recognition-common:19.1.0] AndroidManifest.xml:13:17-114
131                android:value="com.google.firebase.components.ComponentRegistrar" />
131-->[com.google.android.gms:play-services-mlkit-text-recognition-common:19.1.0] AndroidManifest.xml:14:17-82
132            <meta-data
132-->[com.google.mlkit:vision-common:17.3.0] AndroidManifest.xml:12:13-14:85
133                android:name="com.google.firebase.components:com.google.mlkit.vision.common.internal.VisionCommonRegistrar"
133-->[com.google.mlkit:vision-common:17.3.0] AndroidManifest.xml:13:17-124
134                android:value="com.google.firebase.components.ComponentRegistrar" />
134-->[com.google.mlkit:vision-common:17.3.0] AndroidManifest.xml:14:17-82
135            <meta-data
135-->[com.google.mlkit:common:18.11.0] AndroidManifest.xml:20:13-22:85
136                android:name="com.google.firebase.components:com.google.mlkit.common.internal.CommonComponentRegistrar"
136-->[com.google.mlkit:common:18.11.0] AndroidManifest.xml:21:17-120
137                android:value="com.google.firebase.components.ComponentRegistrar" />
137-->[com.google.mlkit:common:18.11.0] AndroidManifest.xml:22:17-82
138        </service>
139
140        <provider
140-->[com.google.mlkit:common:18.11.0] AndroidManifest.xml:9:9-13:38
141            android:name="com.google.mlkit.common.internal.MlKitInitProvider"
141-->[com.google.mlkit:common:18.11.0] AndroidManifest.xml:10:13-78
142            android:authorities="com.veltrix.calculator.mlkitinitprovider"
142-->[com.google.mlkit:common:18.11.0] AndroidManifest.xml:11:13-69
143            android:exported="false"
143-->[com.google.mlkit:common:18.11.0] AndroidManifest.xml:12:13-37
144            android:initOrder="99" />
144-->[com.google.mlkit:common:18.11.0] AndroidManifest.xml:13:13-35
145
146        <activity
146-->[com.google.android.gms:play-services-base:18.5.0] AndroidManifest.xml:5:9-173
147            android:name="com.google.android.gms.common.api.GoogleApiActivity"
147-->[com.google.android.gms:play-services-base:18.5.0] AndroidManifest.xml:5:19-85
148            android:exported="false"
148-->[com.google.android.gms:play-services-base:18.5.0] AndroidManifest.xml:5:146-170
149            android:theme="@android:style/Theme.Translucent.NoTitleBar" />
149-->[com.google.android.gms:play-services-base:18.5.0] AndroidManifest.xml:5:86-145
150
151        <meta-data
151-->[com.google.android.gms:play-services-basement:18.4.0] AndroidManifest.xml:6:9-122
152            android:name="com.google.android.gms.version"
152-->[com.google.android.gms:play-services-basement:18.4.0] AndroidManifest.xml:6:20-65
153            android:value="@integer/google_play_services_version" />
153-->[com.google.android.gms:play-services-basement:18.4.0] AndroidManifest.xml:6:66-119
154
155        <service
155-->[androidx.room:room-runtime-android:2.7.0] AndroidManifest.xml:24:9-28:63
156            android:name="androidx.room.MultiInstanceInvalidationService"
156-->[androidx.room:room-runtime-android:2.7.0] AndroidManifest.xml:25:13-74
157            android:directBootAware="true"
157-->[androidx.room:room-runtime-android:2.7.0] AndroidManifest.xml:26:13-43
158            android:exported="false" />
158-->[androidx.room:room-runtime-android:2.7.0] AndroidManifest.xml:27:13-37
159
160        <receiver
160-->[androidx.profileinstaller:profileinstaller:1.3.0] AndroidManifest.xml:34:9-52:20
161            android:name="androidx.profileinstaller.ProfileInstallReceiver"
161-->[androidx.profileinstaller:profileinstaller:1.3.0] AndroidManifest.xml:35:13-76
162            android:directBootAware="false"
162-->[androidx.profileinstaller:profileinstaller:1.3.0] AndroidManifest.xml:36:13-44
163            android:enabled="true"
163-->[androidx.profileinstaller:profileinstaller:1.3.0] AndroidManifest.xml:37:13-35
164            android:exported="true"
164-->[androidx.profileinstaller:profileinstaller:1.3.0] AndroidManifest.xml:38:13-36
165            android:permission="android.permission.DUMP" >
165-->[androidx.profileinstaller:profileinstaller:1.3.0] AndroidManifest.xml:39:13-57
166            <intent-filter>
166-->[androidx.profileinstaller:profileinstaller:1.3.0] AndroidManifest.xml:40:13-42:29
167                <action android:name="androidx.profileinstaller.action.INSTALL_PROFILE" />
167-->[androidx.profileinstaller:profileinstaller:1.3.0] AndroidManifest.xml:41:17-91
167-->[androidx.profileinstaller:profileinstaller:1.3.0] AndroidManifest.xml:41:25-88
168            </intent-filter>
169            <intent-filter>
169-->[androidx.profileinstaller:profileinstaller:1.3.0] AndroidManifest.xml:43:13-45:29
170                <action android:name="androidx.profileinstaller.action.SKIP_FILE" />
170-->[androidx.profileinstaller:profileinstaller:1.3.0] AndroidManifest.xml:44:17-85
170-->[androidx.profileinstaller:profileinstaller:1.3.0] AndroidManifest.xml:44:25-82
171            </intent-filter>
172            <intent-filter>
172-->[androidx.profileinstaller:profileinstaller:1.3.0] AndroidManifest.xml:46:13-48:29
173                <action android:name="androidx.profileinstaller.action.SAVE_PROFILE" />
173-->[androidx.profileinstaller:profileinstaller:1.3.0] AndroidManifest.xml:47:17-88
173-->[androidx.profileinstaller:profileinstaller:1.3.0] AndroidManifest.xml:47:25-85
174            </intent-filter>
175            <intent-filter>
175-->[androidx.profileinstaller:profileinstaller:1.3.0] AndroidManifest.xml:49:13-51:29
176                <action android:name="androidx.profileinstaller.action.BENCHMARK_OPERATION" />
176-->[androidx.profileinstaller:profileinstaller:1.3.0] AndroidManifest.xml:50:17-95
176-->[androidx.profileinstaller:profileinstaller:1.3.0] AndroidManifest.xml:50:25-92
177            </intent-filter>
178        </receiver>
179
180        <service
180-->[com.google.android.datatransport:transport-backend-cct:2.3.3] AndroidManifest.xml:29:9-35:19
181            android:name="com.google.android.datatransport.runtime.backends.TransportBackendDiscovery"
181-->[com.google.android.datatransport:transport-backend-cct:2.3.3] AndroidManifest.xml:30:13-103
182            android:exported="false" >
182-->[com.google.android.datatransport:transport-backend-cct:2.3.3] AndroidManifest.xml:31:13-37
183            <meta-data
183-->[com.google.android.datatransport:transport-backend-cct:2.3.3] AndroidManifest.xml:32:13-34:39
184                android:name="backend:com.google.android.datatransport.cct.CctBackendFactory"
184-->[com.google.android.datatransport:transport-backend-cct:2.3.3] AndroidManifest.xml:33:17-94
185                android:value="cct" />
185-->[com.google.android.datatransport:transport-backend-cct:2.3.3] AndroidManifest.xml:34:17-36
186        </service>
187        <service
187-->[com.google.android.datatransport:transport-runtime:2.2.6] AndroidManifest.xml:26:9-30:19
188            android:name="com.google.android.datatransport.runtime.scheduling.jobscheduling.JobInfoSchedulerService"
188-->[com.google.android.datatransport:transport-runtime:2.2.6] AndroidManifest.xml:27:13-117
189            android:exported="false"
189-->[com.google.android.datatransport:transport-runtime:2.2.6] AndroidManifest.xml:28:13-37
190            android:permission="android.permission.BIND_JOB_SERVICE" >
190-->[com.google.android.datatransport:transport-runtime:2.2.6] AndroidManifest.xml:29:13-69
191        </service>
192
193        <receiver
193-->[com.google.android.datatransport:transport-runtime:2.2.6] AndroidManifest.xml:32:9-34:40
194            android:name="com.google.android.datatransport.runtime.scheduling.jobscheduling.AlarmManagerSchedulerBroadcastReceiver"
194-->[com.google.android.datatransport:transport-runtime:2.2.6] AndroidManifest.xml:33:13-132
195            android:exported="false" />
195-->[com.google.android.datatransport:transport-runtime:2.2.6] AndroidManifest.xml:34:13-37
196    </application>
197
198</manifest>